44 140734884165204
45 140734884165200
46 140734884165192
47 140734884165188
48 140734884165176
49 140734884165172
50 140734884165160
51 140734884165152
52 140734884165148
53 0
54 1
55 140734884165528
56 0
57 0
58 1
59 1
61 5
62 5
63 5
64 93862681281040
65 93862681281040
66 0
68 0
69 5
70 1
72 0
73 0
74 93862681281040
75 0
76 0
77 93862681281040
78 0
80 0
81 1
82 1
68 1
69 5
70 1
72 1
73 10
74 93862681281040
75 1
76 1
77 93862681281044
78 10
80 1
81 2
82 2
68 2
69 5
70 1
72 2
73 20
74 93862681281040
75 2
76 2
77 93862681281048
78 20
80 2
81 3
82 3
68 3
69 5
70 1
72 3
73 30
74 93862681281040
75 3
76 3
77 93862681281052
78 30
80 3
81 4
82 4
68 4
69 5
70 1
72 4
73 40
74 93862681281040
75 4
76 4
77 93862681281056
78 40
80 4
81 5
82 5
68 5
69 5
70 0
84 0
86 0
87 5
88 5
89 1
91 0
92 0
93 0
94 93862681281040
95 0
96 93862681281040
97 0
99 0
100 1
101 1
86 1
87 5
88 5
89 1
91 1
92 10
93 10
94 93862681281040
95 1
96 93862681281044
97 10
99 1
100 2
101 2
86 2
87 5
88 5
89 1
91 2
92 20
93 20
94 93862681281040
95 2
96 93862681281048
97 20
99 2
100 3
101 3
86 3
87 5
88 5
89 1
91 3
92 30
93 30
94 93862681281040
95 3
96 93862681281052
97 30
99 3
100 4
101 4
86 4
87 5
88 5
89 1
91 4
92 40
93 40
94 93862681281040
95 4
96 93862681281056
97 40
99 4
100 5
101 5
86 5
87 5
88 5
89 0
146 93862681281040
147 5
0 140734884164784
1 140734884164780
2 140734884164776
3 140734884164772
4 93862681281040
5 5
6 0
7 0
9 0
10 5
11 1
13 0
14 0
15 1
17 93862681281040
18 0
19 0
20 93862681281040
21 0
22 0
23 0
24 0
25 0
38 0
39 1
40 1
9 1
10 5
11 1
13 1
14 1
15 0
27 93862681281040
28 1
29 1
30 93862681281044
31 10
32 12
33 0
34 -12
35 -12
38 1
39 2
40 2
9 2
10 5
11 1
13 2
14 0
15 1
17 93862681281040
18 2
19 2
20 93862681281048
21 20
22 40
23 -12
24 28
25 28
38 2
39 3
40 3
9 3
10 5
11 1
13 3
14 1
15 0
27 93862681281040
28 3
29 3
30 93862681281052
31 30
32 32
33 28
34 -4
35 -4
38 3
39 4
40 4
9 4
10 5
11 1
13 4
14 0
15 1
17 93862681281040
18 4
19 4
20 93862681281056
21 40
22 80
23 -4
24 76
25 76
38 4
39 5
40 5
9 5
10 5
11 0
42 76
148 76
149 76
